[0.108s] DEBUG:colcon:Command line arguments: ['/usr/bin/colcon', 'build', '--packages-select', 'mecanum']
[0.108s] DEBUG:colcon:Parsed command line arguments: Namespace(log_base=None, log_level=None, verb_name='build', build_base='build', install_base='install', merge_install=False, symlink_install=False, test_result_base=None, continue_on_error=False, executor='parallel', parallel_workers=20, event_handlers=None, ignore_user_meta=False, metas=['./colcon.meta'], base_paths=['.'], packages_ignore=None, packages_ignore_regex=None, paths=None, packages_up_to=None, packages_up_to_regex=None, packages_above=None, packages_above_and_dependencies=None, packages_above_depth=None, packages_select_by_dep=None, packages_skip_by_dep=None, packages_skip_up_to=None, packages_select_build_failed=False, packages_skip_build_finished=False, packages_select_test_failures=False, packages_skip_test_passed=False, packages_select=['mecanum'], packages_skip=None, packages_select_regex=None, packages_skip_regex=None, packages_start=None, packages_end=None, allow_overriding=[], cmake_args=None, cmake_target=None, cmake_target_skip_unavailable=False, cmake_clean_cache=False, cmake_clean_first=False, cmake_force_configure=False, ament_cmake_args=None, catkin_cmake_args=None, catkin_skip_building_tests=False, mixin_files=None, mixin=None, verb_parser=<colcon_mixin.mixin.mixin_argument.MixinArgumentDecorator object at 0x799639e61c60>, verb_extension=<colcon_core.verb.build.BuildVerb object at 0x799639e61780>, main=<bound method BuildVerb.main of <colcon_core.verb.build.BuildVerb object at 0x799639e61780>>, mixin_verb=('build',))
[0.291s] Level 1:colcon.colcon_core.package_discovery:discover_packages(colcon_meta) check parameters
[0.291s] Level 1:colcon.colcon_core.package_discovery:discover_packages(recursive) check parameters
[0.291s] Level 1:colcon.colcon_core.package_discovery:discover_packages(ignore) check parameters
[0.291s] Level 1:colcon.colcon_core.package_discovery:discover_packages(path) check parameters
[0.291s] Level 1:colcon.colcon_core.package_discovery:discover_packages(colcon_meta) discover
[0.291s] Level 1:colcon.colcon_core.package_discovery:discover_packages(recursive) discover
[0.291s] INFO:colcon.colcon_core.package_discovery:Crawling recursively for packages in '/home/mark/mecanum_nav'
[0.291s] Level 1:colcon.colcon_core.package_identification:_identify(.) by extensions ['ignore', 'ignore_ament_install']
[0.291s] Level 1:colcon.colcon_core.package_identification:_identify(.) by extension 'ignore'
[0.292s] Level 1:colcon.colcon_core.package_identification:_identify(.) by extension 'ignore_ament_install'
[0.292s] Level 1:colcon.colcon_core.package_identification:_identify(.) by extensions ['colcon_pkg']
[0.292s] Level 1:colcon.colcon_core.package_identification:_identify(.) by extension 'colcon_pkg'
[0.292s] Level 1:colcon.colcon_core.package_identification:_identify(.) by extensions ['colcon_meta']
[0.292s] Level 1:colcon.colcon_core.package_identification:_identify(.) by extension 'colcon_meta'
[0.292s] Level 1:colcon.colcon_core.package_identification:_identify(.) by extensions ['ros']
[0.292s] Level 1:colcon.colcon_core.package_identification:_identify(.) by extension 'ros'
[0.304s] Level 1:colcon.colcon_core.package_identification:_identify(.) by extensions ['cmake', 'python']
[0.304s] Level 1:colcon.colcon_core.package_identification:_identify(.) by extension 'cmake'
[0.304s] Level 1:colcon.colcon_core.package_identification:_identify(.) by extension 'python'
[0.304s] Level 1:colcon.colcon_core.package_identification:_identify(.) by extensions ['python_setup_py']
[0.304s] Level 1:colcon.colcon_core.package_identification:_identify(.) by extension 'python_setup_py'
[0.304s] Level 1:colcon.colcon_core.package_identification:_identify(build) by extensions ['ignore', 'ignore_ament_install']
[0.304s] Level 1:colcon.colcon_core.package_identification:_identify(build) by extension 'ignore'
[0.304s] Level 1:colcon.colcon_core.package_identification:_identify(build) ignored
[0.304s] Level 1:colcon.colcon_core.package_identification:_identify(image) by extensions ['ignore', 'ignore_ament_install']
[0.304s] Level 1:colcon.colcon_core.package_identification:_identify(image) by extension 'ignore'
[0.304s] Level 1:colcon.colcon_core.package_identification:_identify(image) by extension 'ignore_ament_install'
[0.304s] Level 1:colcon.colcon_core.package_identification:_identify(image) by extensions ['colcon_pkg']
[0.304s] Level 1:colcon.colcon_core.package_identification:_identify(image) by extension 'colcon_pkg'
[0.304s] Level 1:colcon.colcon_core.package_identification:_identify(image) by extensions ['colcon_meta']
[0.304s] Level 1:colcon.colcon_core.package_identification:_identify(image) by extension 'colcon_meta'
[0.305s] Level 1:colcon.colcon_core.package_identification:_identify(image) by extensions ['ros']
[0.305s] Level 1:colcon.colcon_core.package_identification:_identify(image) by extension 'ros'
[0.305s] Level 1:colcon.colcon_core.package_identification:_identify(image) by extensions ['cmake', 'python']
[0.305s] Level 1:colcon.colcon_core.package_identification:_identify(image) by extension 'cmake'
[0.305s] Level 1:colcon.colcon_core.package_identification:_identify(image) by extension 'python'
[0.305s] Level 1:colcon.colcon_core.package_identification:_identify(image) by extensions ['python_setup_py']
[0.305s] Level 1:colcon.colcon_core.package_identification:_identify(image) by extension 'python_setup_py'
[0.305s] Level 1:colcon.colcon_core.package_identification:_identify(install) by extensions ['ignore', 'ignore_ament_install']
[0.305s] Level 1:colcon.colcon_core.package_identification:_identify(install) by extension 'ignore'
[0.305s] Level 1:colcon.colcon_core.package_identification:_identify(install) ignored
[0.305s] Level 1:colcon.colcon_core.package_identification:_identify(log) by extensions ['ignore', 'ignore_ament_install']
[0.305s] Level 1:colcon.colcon_core.package_identification:_identify(log) by extension 'ignore'
[0.305s] Level 1:colcon.colcon_core.package_identification:_identify(log) ignored
[0.305s] Level 1:colcon.colcon_core.package_identification:_identify(src) by extensions ['ignore', 'ignore_ament_install']
[0.305s] Level 1:colcon.colcon_core.package_identification:_identify(src) by extension 'ignore'
[0.305s] Level 1:colcon.colcon_core.package_identification:_identify(src) by extension 'ignore_ament_install'
[0.305s] Level 1:colcon.colcon_core.package_identification:_identify(src) by extensions ['colcon_pkg']
[0.305s] Level 1:colcon.colcon_core.package_identification:_identify(src) by extension 'colcon_pkg'
[0.305s] Level 1:colcon.colcon_core.package_identification:_identify(src) by extensions ['colcon_meta']
[0.305s] Level 1:colcon.colcon_core.package_identification:_identify(src) by extension 'colcon_meta'
[0.305s] Level 1:colcon.colcon_core.package_identification:_identify(src) by extensions ['ros']
[0.306s] Level 1:colcon.colcon_core.package_identification:_identify(src) by extension 'ros'
[0.306s] Level 1:colcon.colcon_core.package_identification:_identify(src) by extensions ['cmake', 'python']
[0.306s] Level 1:colcon.colcon_core.package_identification:_identify(src) by extension 'cmake'
[0.306s] Level 1:colcon.colcon_core.package_identification:_identify(src) by extension 'python'
[0.306s] Level 1:colcon.colcon_core.package_identification:_identify(src) by extensions ['python_setup_py']
[0.306s] Level 1:colcon.colcon_core.package_identification:_identify(src) by extension 'python_setup_py'
[0.306s] Level 1:colcon.colcon_core.package_identification:_identify(src/mecanum) by extensions ['ignore', 'ignore_ament_install']
[0.306s] Level 1:colcon.colcon_core.package_identification:_identify(src/mecanum) by extension 'ignore'
[0.306s] Level 1:colcon.colcon_core.package_identification:_identify(src/mecanum) by extension 'ignore_ament_install'
[0.306s] Level 1:colcon.colcon_core.package_identification:_identify(src/mecanum) by extensions ['colcon_pkg']
[0.306s] Level 1:colcon.colcon_core.package_identification:_identify(src/mecanum) by extension 'colcon_pkg'
[0.306s] Level 1:colcon.colcon_core.package_identification:_identify(src/mecanum) by extensions ['colcon_meta']
[0.306s] Level 1:colcon.colcon_core.package_identification:_identify(src/mecanum) by extension 'colcon_meta'
[0.306s] Level 1:colcon.colcon_core.package_identification:_identify(src/mecanum) by extensions ['ros']
[0.306s] Level 1:colcon.colcon_core.package_identification:_identify(src/mecanum) by extension 'ros'
[0.309s] DEBUG:colcon.colcon_core.package_identification:Package 'src/mecanum' with type 'ros.ament_cmake' and name 'mecanum'
[0.309s] Level 1:colcon.colcon_core.package_identification:_identify(src/test_mecanum) by extensions ['ignore', 'ignore_ament_install']
[0.309s] Level 1:colcon.colcon_core.package_identification:_identify(src/test_mecanum) by extension 'ignore'
[0.309s] Level 1:colcon.colcon_core.package_identification:_identify(src/test_mecanum) by extension 'ignore_ament_install'
[0.309s] Level 1:colcon.colcon_core.package_identification:_identify(src/test_mecanum) by extensions ['colcon_pkg']
[0.309s] Level 1:colcon.colcon_core.package_identification:_identify(src/test_mecanum) by extension 'colcon_pkg'
[0.309s] Level 1:colcon.colcon_core.package_identification:_identify(src/test_mecanum) by extensions ['colcon_meta']
[0.309s] Level 1:colcon.colcon_core.package_identification:_identify(src/test_mecanum) by extension 'colcon_meta'
[0.309s] Level 1:colcon.colcon_core.package_identification:_identify(src/test_mecanum) by extensions ['ros']
[0.309s] Level 1:colcon.colcon_core.package_identification:_identify(src/test_mecanum) by extension 'ros'
[0.310s] DEBUG:colcon.colcon_core.package_identification:Package 'src/test_mecanum' with type 'ros.ament_python' and name 'test_mecanum'
[0.310s] Level 1:colcon.colcon_core.package_discovery:discover_packages(recursive) using defaults
[0.310s] Level 1:colcon.colcon_core.package_discovery:discover_packages(ignore) discover
[0.310s] Level 1:colcon.colcon_core.package_discovery:discover_packages(ignore) using defaults
[0.310s] Level 1:colcon.colcon_core.package_discovery:discover_packages(path) discover
[0.310s] Level 1:colcon.colcon_core.package_discovery:discover_packages(path) using defaults
[0.341s] INFO:colcon.colcon_core.package_selection:Skipping not selected package 'test_mecanum' in 'src/test_mecanum'
[0.342s] Level 1:colcon.colcon_core.package_discovery:discover_packages(prefix_path) check parameters
[0.342s] Level 1:colcon.colcon_core.package_discovery:discover_packages(prefix_path) discover
[0.345s] DEBUG:colcon.colcon_installed_package_information.package_discovery:Found 40 installed packages in /home/mark/mecanum_nav/install
[0.347s] DEBUG:colcon.colcon_installed_package_information.package_discovery:Found 453 installed packages in /opt/ros/humble
[0.350s] Level 1:colcon.colcon_core.package_discovery:discover_packages(prefix_path) using defaults
[0.407s] Level 5:colcon.colcon_core.verb:set package 'mecanum' build argument 'cmake_args' from command line to 'None'
[0.407s] Level 5:colcon.colcon_core.verb:set package 'mecanum' build argument 'cmake_target' from command line to 'None'
[0.407s] Level 5:colcon.colcon_core.verb:set package 'mecanum' build argument 'cmake_target_skip_unavailable' from command line to 'False'
[0.407s] Level 5:colcon.colcon_core.verb:set package 'mecanum' build argument 'cmake_clean_cache' from command line to 'False'
[0.407s] Level 5:colcon.colcon_core.verb:set package 'mecanum' build argument 'cmake_clean_first' from command line to 'False'
[0.407s] Level 5:colcon.colcon_core.verb:set package 'mecanum' build argument 'cmake_force_configure' from command line to 'False'
[0.407s] Level 5:colcon.colcon_core.verb:set package 'mecanum' build argument 'ament_cmake_args' from command line to 'None'
[0.407s] Level 5:colcon.colcon_core.verb:set package 'mecanum' build argument 'catkin_cmake_args' from command line to 'None'
[0.407s] Level 5:colcon.colcon_core.verb:set package 'mecanum' build argument 'catkin_skip_building_tests' from command line to 'False'
[0.407s] DEBUG:colcon.colcon_core.verb:Building package 'mecanum' with the following arguments: {'ament_cmake_args': None, 'build_base': '/home/mark/mecanum_nav/build/mecanum', 'catkin_cmake_args': None, 'catkin_skip_building_tests': False, 'cmake_args': None, 'cmake_clean_cache': False, 'cmake_clean_first': False, 'cmake_force_configure': False, 'cmake_target': None, 'cmake_target_skip_unavailable': False, 'install_base': '/home/mark/mecanum_nav/install/mecanum', 'merge_install': False, 'path': '/home/mark/mecanum_nav/src/mecanum', 'symlink_install': False, 'test_result_base': None}
[0.408s] INFO:colcon.colcon_core.executor:Executing jobs using 'parallel' executor
[0.409s] DEBUG:colcon.colcon_parallel_executor.executor.parallel:run_until_complete
[0.409s] INFO:colcon.colcon_ros.task.ament_cmake.build:Building ROS package in '/home/mark/mecanum_nav/src/mecanum' with build type 'ament_cmake'
[0.409s] INFO:colcon.colcon_cmake.task.cmake.build:Building CMake package in '/home/mark/mecanum_nav/src/mecanum'
[0.412s] INFO:colcon.colcon_core.plugin_system:Skipping extension 'colcon_core.shell.bat': Not used on non-Windows systems
[0.412s] INFO:colcon.colcon_core.shell:Skip shell extension 'powershell' for command environment: Not usable outside of PowerShell
[0.412s] DEBUG:colcon.colcon_core.shell:Skip shell extension 'dsv' for command environment
[0.426s] DEBUG:colcon.colcon_core.event_handler.log_command:Invoking command in '/home/mark/mecanum_nav/build/mecanum': CMAKE_PREFIX_PATH=${CMAKE_PREFIX_PATH}:/home/mark/mecanum_nav/install/py_srvcli:/home/mark/mecanum_nav/install/py_pubsub:/home/mark/mecanum_nav/install/learning_tf2_py:/home/mark/mecanum_nav/install/turtle_nav:/home/mark/mecanum_nav/install/test_mecanum:/home/mark/mecanum_nav/install/python_parameters:/home/mark/mecanum_nav/install/launch_tutorial:/home/mark/mecanum_nav/install/joint_state_publisher_gui:/home/mark/mecanum_nav/install/joint_state_publisher:/home/mark/mecanum_nav/install/guard_conditions:/home/mark/mecanum_nav/install/articubot:/opt/ros/humble /usr/bin/cmake --build /home/mark/mecanum_nav/build/mecanum -- -j20 -l20
[10.455s] DEBUG:colcon.colcon_core.event_handler.log_command:Invoked command in '/home/mark/mecanum_nav/build/mecanum' returned '0': CMAKE_PREFIX_PATH=${CMAKE_PREFIX_PATH}:/home/mark/mecanum_nav/install/py_srvcli:/home/mark/mecanum_nav/install/py_pubsub:/home/mark/mecanum_nav/install/learning_tf2_py:/home/mark/mecanum_nav/install/turtle_nav:/home/mark/mecanum_nav/install/test_mecanum:/home/mark/mecanum_nav/install/python_parameters:/home/mark/mecanum_nav/install/launch_tutorial:/home/mark/mecanum_nav/install/joint_state_publisher_gui:/home/mark/mecanum_nav/install/joint_state_publisher:/home/mark/mecanum_nav/install/guard_conditions:/home/mark/mecanum_nav/install/articubot:/opt/ros/humble /usr/bin/cmake --build /home/mark/mecanum_nav/build/mecanum -- -j20 -l20
[10.536s] DEBUG:colcon.colcon_core.event_handler.log_command:Invoking command in '/home/mark/mecanum_nav/build/mecanum': CMAKE_PREFIX_PATH=${CMAKE_PREFIX_PATH}:/home/mark/mecanum_nav/install/py_srvcli:/home/mark/mecanum_nav/install/py_pubsub:/home/mark/mecanum_nav/install/learning_tf2_py:/home/mark/mecanum_nav/install/turtle_nav:/home/mark/mecanum_nav/install/test_mecanum:/home/mark/mecanum_nav/install/python_parameters:/home/mark/mecanum_nav/install/launch_tutorial:/home/mark/mecanum_nav/install/joint_state_publisher_gui:/home/mark/mecanum_nav/install/joint_state_publisher:/home/mark/mecanum_nav/install/guard_conditions:/home/mark/mecanum_nav/install/articubot:/opt/ros/humble /usr/bin/cmake --install /home/mark/mecanum_nav/build/mecanum
[10.558s] Level 1:colcon.colcon_core.environment:create_environment_scripts_only(mecanum)
[10.559s] DEBUG:colcon.colcon_core.event_handler.log_command:Invoked command in '/home/mark/mecanum_nav/build/mecanum' returned '0': CMAKE_PREFIX_PATH=${CMAKE_PREFIX_PATH}:/home/mark/mecanum_nav/install/py_srvcli:/home/mark/mecanum_nav/install/py_pubsub:/home/mark/mecanum_nav/install/learning_tf2_py:/home/mark/mecanum_nav/install/turtle_nav:/home/mark/mecanum_nav/install/test_mecanum:/home/mark/mecanum_nav/install/python_parameters:/home/mark/mecanum_nav/install/launch_tutorial:/home/mark/mecanum_nav/install/joint_state_publisher_gui:/home/mark/mecanum_nav/install/joint_state_publisher:/home/mark/mecanum_nav/install/guard_conditions:/home/mark/mecanum_nav/install/articubot:/opt/ros/humble /usr/bin/cmake --install /home/mark/mecanum_nav/build/mecanum
[10.562s] Level 1:colcon.colcon_core.environment:checking '/home/mark/mecanum_nav/install/mecanum' for CMake module files
[10.563s] Level 1:colcon.colcon_core.environment:checking '/home/mark/mecanum_nav/install/mecanum' for CMake config files
[10.563s] Level 1:colcon.colcon_core.shell:create_environment_hook('mecanum', 'cmake_prefix_path')
[10.563s] INFO:colcon.colcon_core.shell:Creating environment hook '/home/mark/mecanum_nav/install/mecanum/share/mecanum/hook/cmake_prefix_path.ps1'
[10.564s] INFO:colcon.colcon_core.shell:Creating environment descriptor '/home/mark/mecanum_nav/install/mecanum/share/mecanum/hook/cmake_prefix_path.dsv'
[10.565s] INFO:colcon.colcon_core.shell:Creating environment hook '/home/mark/mecanum_nav/install/mecanum/share/mecanum/hook/cmake_prefix_path.sh'
[10.566s] Level 1:colcon.colcon_core.environment:checking '/home/mark/mecanum_nav/install/mecanum/lib'
[10.566s] Level 1:colcon.colcon_core.environment:checking '/home/mark/mecanum_nav/install/mecanum/bin'
[10.566s] Level 1:colcon.colcon_core.environment:checking '/home/mark/mecanum_nav/install/mecanum/lib/pkgconfig/mecanum.pc'
[10.566s] Level 1:colcon.colcon_core.environment:checking '/home/mark/mecanum_nav/install/mecanum/lib/python3.10/site-packages'
[10.567s] Level 1:colcon.colcon_core.environment:checking '/home/mark/mecanum_nav/install/mecanum/bin'
[10.567s] INFO:colcon.colcon_core.shell:Creating package script '/home/mark/mecanum_nav/install/mecanum/share/mecanum/package.ps1'
[10.568s] INFO:colcon.colcon_core.shell:Creating package descriptor '/home/mark/mecanum_nav/install/mecanum/share/mecanum/package.dsv'
[10.569s] INFO:colcon.colcon_core.shell:Creating package script '/home/mark/mecanum_nav/install/mecanum/share/mecanum/package.sh'
[10.570s] INFO:colcon.colcon_core.shell:Creating package script '/home/mark/mecanum_nav/install/mecanum/share/mecanum/package.bash'
[10.571s] INFO:colcon.colcon_core.shell:Creating package script '/home/mark/mecanum_nav/install/mecanum/share/mecanum/package.zsh'
[10.571s] Level 1:colcon.colcon_core.environment:create_file_with_runtime_dependencies(/home/mark/mecanum_nav/install/mecanum/share/colcon-core/packages/mecanum)
[10.645s] Level 1:colcon.colcon_core.environment:create_environment_scripts_only(mecanum)
[10.645s] Level 1:colcon.colcon_core.environment:checking '/home/mark/mecanum_nav/install/mecanum' for CMake module files
[10.646s] Level 1:colcon.colcon_core.environment:checking '/home/mark/mecanum_nav/install/mecanum' for CMake config files
[10.647s] Level 1:colcon.colcon_core.shell:create_environment_hook('mecanum', 'cmake_prefix_path')
[10.648s] INFO:colcon.colcon_core.shell:Creating environment hook '/home/mark/mecanum_nav/install/mecanum/share/mecanum/hook/cmake_prefix_path.ps1'
[10.648s] INFO:colcon.colcon_core.shell:Creating environment descriptor '/home/mark/mecanum_nav/install/mecanum/share/mecanum/hook/cmake_prefix_path.dsv'
[10.649s] INFO:colcon.colcon_core.shell:Creating environment hook '/home/mark/mecanum_nav/install/mecanum/share/mecanum/hook/cmake_prefix_path.sh'
[10.649s] Level 1:colcon.colcon_core.environment:checking '/home/mark/mecanum_nav/install/mecanum/lib'
[10.649s] Level 1:colcon.colcon_core.environment:checking '/home/mark/mecanum_nav/install/mecanum/bin'
[10.650s] Level 1:colcon.colcon_core.environment:checking '/home/mark/mecanum_nav/install/mecanum/lib/pkgconfig/mecanum.pc'
[10.650s] Level 1:colcon.colcon_core.environment:checking '/home/mark/mecanum_nav/install/mecanum/lib/python3.10/site-packages'
[10.650s] Level 1:colcon.colcon_core.environment:checking '/home/mark/mecanum_nav/install/mecanum/bin'
[10.650s] INFO:colcon.colcon_core.shell:Creating package script '/home/mark/mecanum_nav/install/mecanum/share/mecanum/package.ps1'
[10.651s] INFO:colcon.colcon_core.shell:Creating package descriptor '/home/mark/mecanum_nav/install/mecanum/share/mecanum/package.dsv'
[10.652s] INFO:colcon.colcon_core.shell:Creating package script '/home/mark/mecanum_nav/install/mecanum/share/mecanum/package.sh'
[10.652s] INFO:colcon.colcon_core.shell:Creating package script '/home/mark/mecanum_nav/install/mecanum/share/mecanum/package.bash'
[10.652s] INFO:colcon.colcon_core.shell:Creating package script '/home/mark/mecanum_nav/install/mecanum/share/mecanum/package.zsh'
[10.653s] Level 1:colcon.colcon_core.environment:create_file_with_runtime_dependencies(/home/mark/mecanum_nav/install/mecanum/share/colcon-core/packages/mecanum)
[10.653s] DEBUG:colcon.colcon_parallel_executor.executor.parallel:closing loop
[10.654s] DEBUG:colcon.colcon_parallel_executor.executor.parallel:loop closed
[10.654s] DEBUG:colcon.colcon_parallel_executor.executor.parallel:run_until_complete finished with '0'
[10.654s] DEBUG:colcon.colcon_core.event_reactor:joining thread
[10.662s] INFO:colcon.colcon_core.plugin_system:Skipping extension 'colcon_notification.desktop_notification.terminal_notifier': Not used on non-Darwin systems
[10.662s] INFO:colcon.colcon_core.plugin_system:Skipping extension 'colcon_notification.desktop_notification.win32': Not used on non-Windows systems
[10.662s] INFO:colcon.colcon_notification.desktop_notification:Sending desktop notification using 'notify2'
[10.676s] DEBUG:colcon.colcon_core.event_reactor:joined thread
[10.676s] INFO:colcon.colcon_core.shell:Creating prefix script '/home/mark/mecanum_nav/install/local_setup.ps1'
[10.677s] INFO:colcon.colcon_core.shell:Creating prefix util module '/home/mark/mecanum_nav/install/_local_setup_util_ps1.py'
[10.678s] INFO:colcon.colcon_core.shell:Creating prefix chain script '/home/mark/mecanum_nav/install/setup.ps1'
[10.680s] INFO:colcon.colcon_core.shell:Creating prefix script '/home/mark/mecanum_nav/install/local_setup.sh'
[10.681s] INFO:colcon.colcon_core.shell:Creating prefix util module '/home/mark/mecanum_nav/install/_local_setup_util_sh.py'
[10.681s] INFO:colcon.colcon_core.shell:Creating prefix chain script '/home/mark/mecanum_nav/install/setup.sh'
[10.683s] INFO:colcon.colcon_core.shell:Creating prefix script '/home/mark/mecanum_nav/install/local_setup.bash'
[10.683s] INFO:colcon.colcon_core.shell:Creating prefix chain script '/home/mark/mecanum_nav/install/setup.bash'
[10.685s] INFO:colcon.colcon_core.shell:Creating prefix script '/home/mark/mecanum_nav/install/local_setup.zsh'
[10.686s] INFO:colcon.colcon_core.shell:Creating prefix chain script '/home/mark/mecanum_nav/install/setup.zsh'
