-- The C compiler identification is GNU 11.4.0
-- The CXX compiler identification is GNU 11.4.0
-- Detecting C compiler ABI info
-- Detecting C compiler ABI info - done
-- Check for working C compiler: /usr/bin/cc - skipped
-- Detecting C compile features
-- Detecting C compile features - done
-- Detecting CXX compiler ABI info
-- Detecting CXX compiler ABI info - done
-- Check for working CXX compiler: /usr/bin/c++ - skipped
-- Detecting CXX compile features
-- Detecting CXX compile features - done
-- Found ament_cmake: 1.3.10 (/opt/ros/humble/share/ament_cmake/cmake)
-- Found Python3: /usr/bin/python3 (found version "3.10.12") found components: Interpreter 
-- Found rclcpp: 16.0.10 (/opt/ros/humble/share/rclcpp/cmake)
-- Found rosidl_generator_c: 3.1.5 (/opt/ros/humble/share/rosidl_generator_c/cmake)
-- Found rosidl_adapter: 3.1.5 (/opt/ros/humble/share/rosidl_adapter/cmake)
-- Found rosidl_generator_cpp: 3.1.5 (/opt/ros/humble/share/rosidl_generator_cpp/cmake)
-- Using all available rosidl_typesupport_c: rosidl_typesupport_fastrtps_c;rosidl_typesupport_introspection_c
-- Using all available rosidl_typesupport_cpp: rosidl_typesupport_fastrtps_cpp;rosidl_typesupport_introspection_cpp
-- Found rmw_implementation_cmake: 6.1.2 (/opt/ros/humble/share/rmw_implementation_cmake/cmake)
-- Found rmw_cyclonedds_cpp: 1.3.4 (/opt/ros/humble/share/rmw_cyclonedds_cpp/cmake)
-- Using RMW implementation 'rmw_cyclonedds_cpp' as default
-- Looking for pthread.h
-- Looking for pthread.h - found
-- Performing Test CMAKE_HAVE_LIBC_PTHREAD
-- Performing Test CMAKE_HAVE_LIBC_PTHREAD - Success
-- Found Threads: TRUE  
-- Found geometry_msgs: 4.2.4 (/opt/ros/humble/share/geometry_msgs/cmake)
-- Found rclcpp_lifecycle: 16.0.10 (/opt/ros/humble/share/rclcpp_lifecycle/cmake)
-- Found tf2: 0.25.7 (/opt/ros/humble/share/tf2/cmake)
-- Found tf2_ros: 0.25.7 (/opt/ros/humble/share/tf2_ros/cmake)
-- Found nav_msgs: 4.2.4 (/opt/ros/humble/share/nav_msgs/cmake)
-- Found nav2_msgs: 1.1.16 (/opt/ros/humble/share/nav2_msgs/cmake)
-- Configuring done
-- Generating done
-- Build files have been written to: /home/mark/mecanum_nav/build/mecanum
[ 10%] [32mBuilding CXX object CMakeFiles/control_lifecycle.dir/src/control_lifecycle.cpp.o[0m
[ 20%] [32mBuilding CXX object CMakeFiles/control.dir/src/control.cpp.o[0m
[ 30%] [32mBuilding CXX object CMakeFiles/fixed_frame.dir/src/fixed_frame.cpp.o[0m
[ 40%] [32mBuilding CXX object CMakeFiles/view_frames.dir/src/view_frames.cpp.o[0m
[ 50%] [32mBuilding CXX object CMakeFiles/followpath_lifecycle.dir/src/followpath_lifecycle.cpp.o[0m
[ 60%] [32m[1mLinking CXX executable view_frames[0m
[ 60%] Built target view_frames
[ 70%] [32m[1mLinking CXX executable fixed_frame[0m
[ 70%] Built target fixed_frame
[ 80%] [32m[1mLinking CXX executable control[0m
[ 80%] Built target control
[ 90%] [32m[1mLinking CXX executable control_lifecycle[0m
[ 90%] Built target control_lifecycle
[100%] [32m[1mLinking CXX executable followpath_lifecycle[0m
[100%] Built target followpath_lifecycle
-- Install configuration: ""
-- Installing: /home/mark/mecanum_nav/install/mecanum/share/mecanum/config
-- Installing: /home/mark/mecanum_nav/install/mecanum/share/mecanum/config/mapper_params_online_async.yaml
-- Installing: /home/mark/mecanum_nav/install/mecanum/share/mecanum/config/gazebo_params.yaml
-- Installing: /home/mark/mecanum_nav/install/mecanum/share/mecanum/config/robot_visual.rviz
-- Installing: /home/mark/mecanum_nav/install/mecanum/share/mecanum/config/my_controllers.yaml
-- Installing: /home/mark/mecanum_nav/install/mecanum/share/mecanum/config/twist_mux.yaml
-- Installing: /home/mark/mecanum_nav/install/mecanum/share/mecanum/description
-- Installing: /home/mark/mecanum_nav/install/mecanum/share/mecanum/description/gazebo_control.xacro
-- Installing: /home/mark/mecanum_nav/install/mecanum/share/mecanum/description/face.xacro
-- Installing: /home/mark/mecanum_nav/install/mecanum/share/mecanum/description/robot.urdf.xacro
-- Installing: /home/mark/mecanum_nav/install/mecanum/share/mecanum/description/robot_core.xacro
-- Installing: /home/mark/mecanum_nav/install/mecanum/share/mecanum/description/camera.xacro
-- Installing: /home/mark/mecanum_nav/install/mecanum/share/mecanum/description/lidar.xacro
-- Installing: /home/mark/mecanum_nav/install/mecanum/share/mecanum/description/ros2_control.xacro
-- Installing: /home/mark/mecanum_nav/install/mecanum/share/mecanum/description/depth_camera.xacro
-- Installing: /home/mark/mecanum_nav/install/mecanum/share/mecanum/description/inertial_macros.xacro
-- Installing: /home/mark/mecanum_nav/install/mecanum/share/mecanum/launch
-- Installing: /home/mark/mecanum_nav/install/mecanum/share/mecanum/launch/empty_world.launch.py
-- Installing: /home/mark/mecanum_nav/install/mecanum/share/mecanum/launch/rsp.launch.py
-- Installing: /home/mark/mecanum_nav/install/mecanum/share/mecanum/launch/zm_robot_empty_world.launch.py
-- Installing: /home/mark/mecanum_nav/install/mecanum/share/mecanum/launch/launch_sim.launch.py
-- Installing: /home/mark/mecanum_nav/install/mecanum/share/mecanum/urdf
-- Installing: /home/mark/mecanum_nav/install/mecanum/share/mecanum/urdf/zm_robot.urdf.xacro
-- Installing: /home/mark/mecanum_nav/install/mecanum/share/mecanum/urdf/zm_robot_wheel_LR.urdf.xacro
-- Installing: /home/mark/mecanum_nav/install/mecanum/share/mecanum/urdf/zm_robot_wheel_LF.urdf.xacro
-- Installing: /home/mark/mecanum_nav/install/mecanum/share/mecanum/urdf/zm_robot_roller.transmission.xacro
-- Installing: /home/mark/mecanum_nav/install/mecanum/share/mecanum/urdf/zm_robot_roller.gazebo
-- Installing: /home/mark/mecanum_nav/install/mecanum/share/mecanum/urdf/materials.xacro
-- Installing: /home/mark/mecanum_nav/install/mecanum/share/mecanum/urdf/zm_robot_wheel_RR.urdf.xacro
-- Installing: /home/mark/mecanum_nav/install/mecanum/share/mecanum/urdf/zm_robot_wheel_RF.urdf.xacro
-- Installing: /home/mark/mecanum_nav/install/mecanum/share/mecanum/urdf/zm_robot_roller.urdf.xacro
-- Installing: /home/mark/mecanum_nav/install/mecanum/share/mecanum/urdf/zm_robot_plugin.gazebo
-- Installing: /home/mark/mecanum_nav/install/mecanum/share/mecanum/urdf/zm_robot_wheel.gazebo
-- Installing: /home/mark/mecanum_nav/install/mecanum/share/mecanum/meshes
-- Installing: /home/mark/mecanum_nav/install/mecanum/share/mecanum/meshes/IMU_sensor.stl
-- Installing: /home/mark/mecanum_nav/install/mecanum/share/mecanum/meshes/mecanum_left_after.stl
-- Installing: /home/mark/mecanum_nav/install/mecanum/share/mecanum/meshes/kinect_v2.stl
-- Installing: /home/mark/mecanum_nav/install/mecanum/share/mecanum/meshes/sick_s30b.stl
-- Installing: /home/mark/mecanum_nav/install/mecanum/share/mecanum/meshes/mecanum_left_before.stl
-- Installing: /home/mark/mecanum_nav/install/mecanum/share/mecanum/meshes/mecanum_right_before.stl
-- Installing: /home/mark/mecanum_nav/install/mecanum/share/mecanum/meshes/agv_base.stl
-- Installing: /home/mark/mecanum_nav/install/mecanum/share/mecanum/meshes/mecanum_right_after.stl
-- Installing: /home/mark/mecanum_nav/install/mecanum/share/mecanum/meshes/mecanum_roller.stl
-- Installing: /home/mark/mecanum_nav/install/mecanum/share/mecanum/world
-- Installing: /home/mark/mecanum_nav/install/mecanum/share/mecanum/world/empty.world
-- Installing: /home/mark/mecanum_nav/install/mecanum/lib/mecanum/control
-- Set runtime path of "/home/mark/mecanum_nav/install/mecanum/lib/mecanum/control" to ""
-- Installing: /home/mark/mecanum_nav/install/mecanum/lib/mecanum/control_lifecycle
-- Set runtime path of "/home/mark/mecanum_nav/install/mecanum/lib/mecanum/control_lifecycle" to ""
-- Installing: /home/mark/mecanum_nav/install/mecanum/lib/mecanum/followpath_lifecycle
-- Set runtime path of "/home/mark/mecanum_nav/install/mecanum/lib/mecanum/followpath_lifecycle" to ""
-- Installing: /home/mark/mecanum_nav/install/mecanum/lib/mecanum/fixed_frame
-- Set runtime path of "/home/mark/mecanum_nav/install/mecanum/lib/mecanum/fixed_frame" to ""
-- Installing: /home/mark/mecanum_nav/install/mecanum/lib/mecanum/view_frames
-- Set runtime path of "/home/mark/mecanum_nav/install/mecanum/lib/mecanum/view_frames" to ""
-- Installing: /home/mark/mecanum_nav/install/mecanum/share/ament_index/resource_index/package_run_dependencies/mecanum
-- Installing: /home/mark/mecanum_nav/install/mecanum/share/ament_index/resource_index/parent_prefix_path/mecanum
-- Installing: /home/mark/mecanum_nav/install/mecanum/share/mecanum/environment/ament_prefix_path.sh
-- Installing: /home/mark/mecanum_nav/install/mecanum/share/mecanum/environment/ament_prefix_path.dsv
-- Installing: /home/mark/mecanum_nav/install/mecanum/share/mecanum/environment/path.sh
-- Installing: /home/mark/mecanum_nav/install/mecanum/share/mecanum/environment/path.dsv
-- Installing: /home/mark/mecanum_nav/install/mecanum/share/mecanum/local_setup.bash
-- Installing: /home/mark/mecanum_nav/install/mecanum/share/mecanum/local_setup.sh
-- Installing: /home/mark/mecanum_nav/install/mecanum/share/mecanum/local_setup.zsh
-- Installing: /home/mark/mecanum_nav/install/mecanum/share/mecanum/local_setup.dsv
-- Installing: /home/mark/mecanum_nav/install/mecanum/share/mecanum/package.dsv
-- Installing: /home/mark/mecanum_nav/install/mecanum/share/ament_index/resource_index/packages/mecanum
-- Installing: /home/mark/mecanum_nav/install/mecanum/share/mecanum/cmake/mecanumConfig.cmake
-- Installing: /home/mark/mecanum_nav/install/mecanum/share/mecanum/cmake/mecanumConfig-version.cmake
-- Installing: /home/mark/mecanum_nav/install/mecanum/share/mecanum/package.xml
