[0.007s] Invoking command in '/home/mark/mecanum_nav/build/mecanum': CMAKE_PREFIX_PATH=${CMAKE_PREFIX_PATH}:/home/mark/mecanum_nav/install/py_srvcli:/home/mark/mecanum_nav/install/py_pubsub:/home/mark/mecanum_nav/install/learning_tf2_py:/home/mark/mecanum_nav/install/turtle_nav:/home/mark/mecanum_nav/install/test_mecanum:/home/mark/mecanum_nav/install/python_parameters:/home/mark/mecanum_nav/install/launch_tutorial:/home/mark/mecanum_nav/install/joint_state_publisher_gui:/home/mark/mecanum_nav/install/joint_state_publisher:/home/mark/mecanum_nav/install/guard_conditions:/home/mark/mecanum_nav/install/articubot:/opt/ros/humble /usr/bin/cmake /home/mark/mecanum_nav/src/mecanum -DCMAKE_INSTALL_PREFIX=/home/mark/mecanum_nav/install/mecanum
[0.103s] -- The C compiler identification is GNU 11.4.0
[0.193s] -- The CXX compiler identification is GNU 11.4.0
[0.200s] -- Detecting C compiler ABI info
[0.276s] -- Detecting C compiler ABI info - done
[0.285s] -- Check for working C compiler: /usr/bin/cc - skipped
[0.285s] -- Detecting C compile features
[0.286s] -- Detecting C compile features - done
[0.290s] -- Detecting CXX compiler ABI info
[0.389s] -- Detecting CXX compiler ABI info - done
[0.396s] -- Check for working CXX compiler: /usr/bin/c++ - skipped
[0.396s] -- Detecting CXX compile features
[0.396s] -- Detecting CXX compile features - done
[0.402s] -- Found ament_cmake: 1.3.10 (/opt/ros/humble/share/ament_cmake/cmake)
[0.536s] -- Found Python3: /usr/bin/python3 (found version "3.10.12") found components: Interpreter 
[0.646s] -- Found rclcpp: 16.0.10 (/opt/ros/humble/share/rclcpp/cmake)
[0.688s] -- Found rosidl_generator_c: 3.1.5 (/opt/ros/humble/share/rosidl_generator_c/cmake)
[0.694s] -- Found rosidl_adapter: 3.1.5 (/opt/ros/humble/share/rosidl_adapter/cmake)
[0.701s] -- Found rosidl_generator_cpp: 3.1.5 (/opt/ros/humble/share/rosidl_generator_cpp/cmake)
[0.712s] -- Using all available rosidl_typesupport_c: rosidl_typesupport_fastrtps_c;rosidl_typesupport_introspection_c
[0.726s] -- Using all available rosidl_typesupport_cpp: rosidl_typesupport_fastrtps_cpp;rosidl_typesupport_introspection_cpp
[0.766s] -- Found rmw_implementation_cmake: 6.1.2 (/opt/ros/humble/share/rmw_implementation_cmake/cmake)
[0.769s] -- Found rmw_cyclonedds_cpp: 1.3.4 (/opt/ros/humble/share/rmw_cyclonedds_cpp/cmake)
[0.791s] -- Using RMW implementation 'rmw_cyclonedds_cpp' as default
[0.800s] -- Looking for pthread.h
[0.878s] -- Looking for pthread.h - found
[0.878s] -- Performing Test CMAKE_HAVE_LIBC_PTHREAD
[0.971s] -- Performing Test CMAKE_HAVE_LIBC_PTHREAD - Success
[0.972s] -- Found Threads: TRUE  
[1.020s] -- Found geometry_msgs: 4.2.4 (/opt/ros/humble/share/geometry_msgs/cmake)
[1.030s] -- Found rclcpp_lifecycle: 16.0.10 (/opt/ros/humble/share/rclcpp_lifecycle/cmake)
[1.050s] -- Found tf2: 0.25.7 (/opt/ros/humble/share/tf2/cmake)
[1.069s] -- Found tf2_ros: 0.25.7 (/opt/ros/humble/share/tf2_ros/cmake)
[1.156s] -- Found nav_msgs: 4.2.4 (/opt/ros/humble/share/nav_msgs/cmake)
[1.167s] -- Found nav2_msgs: 1.1.16 (/opt/ros/humble/share/nav2_msgs/cmake)
[1.233s] -- Configuring done
[1.245s] -- Generating done
[1.246s] -- Build files have been written to: /home/mark/mecanum_nav/build/mecanum
[1.252s] Invoked command in '/home/mark/mecanum_nav/build/mecanum' returned '0': CMAKE_PREFIX_PATH=${CMAKE_PREFIX_PATH}:/home/mark/mecanum_nav/install/py_srvcli:/home/mark/mecanum_nav/install/py_pubsub:/home/mark/mecanum_nav/install/learning_tf2_py:/home/mark/mecanum_nav/install/turtle_nav:/home/mark/mecanum_nav/install/test_mecanum:/home/mark/mecanum_nav/install/python_parameters:/home/mark/mecanum_nav/install/launch_tutorial:/home/mark/mecanum_nav/install/joint_state_publisher_gui:/home/mark/mecanum_nav/install/joint_state_publisher:/home/mark/mecanum_nav/install/guard_conditions:/home/mark/mecanum_nav/install/articubot:/opt/ros/humble /usr/bin/cmake /home/mark/mecanum_nav/src/mecanum -DCMAKE_INSTALL_PREFIX=/home/mark/mecanum_nav/install/mecanum
[1.252s] Invoking command in '/home/mark/mecanum_nav/build/mecanum': CMAKE_PREFIX_PATH=${CMAKE_PREFIX_PATH}:/home/mark/mecanum_nav/install/py_srvcli:/home/mark/mecanum_nav/install/py_pubsub:/home/mark/mecanum_nav/install/learning_tf2_py:/home/mark/mecanum_nav/install/turtle_nav:/home/mark/mecanum_nav/install/test_mecanum:/home/mark/mecanum_nav/install/python_parameters:/home/mark/mecanum_nav/install/launch_tutorial:/home/mark/mecanum_nav/install/joint_state_publisher_gui:/home/mark/mecanum_nav/install/joint_state_publisher:/home/mark/mecanum_nav/install/guard_conditions:/home/mark/mecanum_nav/install/articubot:/opt/ros/humble /usr/bin/cmake --build /home/mark/mecanum_nav/build/mecanum -- -j20 -l20
[1.303s] [ 10%] [32mBuilding CXX object CMakeFiles/control_lifecycle.dir/src/control_lifecycle.cpp.o[0m
[1.305s] [ 20%] [32mBuilding CXX object CMakeFiles/control.dir/src/control.cpp.o[0m
[1.305s] [ 30%] [32mBuilding CXX object CMakeFiles/fixed_frame.dir/src/fixed_frame.cpp.o[0m
[1.305s] [ 40%] [32mBuilding CXX object CMakeFiles/view_frames.dir/src/view_frames.cpp.o[0m
[1.306s] [ 50%] [32mBuilding CXX object CMakeFiles/followpath_lifecycle.dir/src/followpath_lifecycle.cpp.o[0m
[1.463s] [01m[K/home/mark/mecanum_nav/src/mecanum/src/control_lifecycle.cpp:203:3:[m[K [01;35m[Kwarning: [m[Kmulti-line comment [[01;35m[K]8;;https://gcc.gnu.org/onlinedocs/gcc/Warning-Options.html#index-Wcomment-Wcomment]8;;[m[K]
[1.463s]   203 |   [01;35m[K/[m[K/       // get_logger(), "Lifecycle publisher is active. Publishing: linear: x= %f y= %f z= %f \n -----\n angular: x= %f y= %f z=%f", \
[1.463s]       |   [01;35m[K^[m[K
[2.799s] [01m[K/home/mark/mecanum_nav/src/mecanum/src/control_lifecycle.cpp:[m[K In member function ‘[01m[Kvoid LifecycleControl::feedback_callback(rclcpp_action::ClientGoalHandle<nav2_msgs::action::NavigateToPose>::SharedPtr, std::shared_ptr<const nav2_msgs::action::NavigateToPose_Feedback_<std::allocator<void> > >)[m[K’:
[2.799s] [01m[K/home/mark/mecanum_nav/src/mecanum/src/control_lifecycle.cpp:65:78:[m[K [01;35m[Kwarning: [m[Kunused parameter ‘[01m[Kfeedback[m[K’ [[01;35m[K]8;;https://gcc.gnu.org/onlinedocs/gcc/Warning-Options.html#index-Wunused-parameter-Wunused-parameter]8;;[m[K]
[2.799s]    65 |     [01;35m[Kconst std::shared_ptr<const nav2_msgs::action::NavigateToPose::Feedback> feedback[m[K)
[2.799s]       |     [01;35m[K~~~~~~~~~~~~~~~~~~~~~~~~~~~~~~~~~~~~~~~~~~~~~~~~~~~~~~~~~~~~~~~~~~~~~~~~~^~~~~~~~[m[K
[3.097s] [ 60%] [32m[1mLinking CXX executable view_frames[0m
[3.201s] [ 60%] Built target view_frames
[3.605s] [ 70%] [32m[1mLinking CXX executable fixed_frame[0m
[3.729s] [ 70%] Built target fixed_frame
[3.734s] [ 80%] [32m[1mLinking CXX executable control[0m
[3.844s] [ 80%] Built target control
[4.082s] [ 90%] [32m[1mLinking CXX executable control_lifecycle[0m
[4.223s] [ 90%] Built target control_lifecycle
[6.039s] [100%] [32m[1mLinking CXX executable followpath_lifecycle[0m
[6.281s] [100%] Built target followpath_lifecycle
[6.291s] Invoked command in '/home/mark/mecanum_nav/build/mecanum' returned '0': CMAKE_PREFIX_PATH=${CMAKE_PREFIX_PATH}:/home/mark/mecanum_nav/install/py_srvcli:/home/mark/mecanum_nav/install/py_pubsub:/home/mark/mecanum_nav/install/learning_tf2_py:/home/mark/mecanum_nav/install/turtle_nav:/home/mark/mecanum_nav/install/test_mecanum:/home/mark/mecanum_nav/install/python_parameters:/home/mark/mecanum_nav/install/launch_tutorial:/home/mark/mecanum_nav/install/joint_state_publisher_gui:/home/mark/mecanum_nav/install/joint_state_publisher:/home/mark/mecanum_nav/install/guard_conditions:/home/mark/mecanum_nav/install/articubot:/opt/ros/humble /usr/bin/cmake --build /home/mark/mecanum_nav/build/mecanum -- -j20 -l20
[6.355s] Invoking command in '/home/mark/mecanum_nav/build/mecanum': CMAKE_PREFIX_PATH=${CMAKE_PREFIX_PATH}:/home/mark/mecanum_nav/install/py_srvcli:/home/mark/mecanum_nav/install/py_pubsub:/home/mark/mecanum_nav/install/learning_tf2_py:/home/mark/mecanum_nav/install/turtle_nav:/home/mark/mecanum_nav/install/test_mecanum:/home/mark/mecanum_nav/install/python_parameters:/home/mark/mecanum_nav/install/launch_tutorial:/home/mark/mecanum_nav/install/joint_state_publisher_gui:/home/mark/mecanum_nav/install/joint_state_publisher:/home/mark/mecanum_nav/install/guard_conditions:/home/mark/mecanum_nav/install/articubot:/opt/ros/humble /usr/bin/cmake --install /home/mark/mecanum_nav/build/mecanum
[6.366s] -- Install configuration: ""
[6.366s] -- Installing: /home/mark/mecanum_nav/install/mecanum/share/mecanum/config
[6.366s] -- Installing: /home/mark/mecanum_nav/install/mecanum/share/mecanum/config/mapper_params_online_async.yaml
[6.366s] -- Installing: /home/mark/mecanum_nav/install/mecanum/share/mecanum/config/gazebo_params.yaml
[6.367s] -- Installing: /home/mark/mecanum_nav/install/mecanum/share/mecanum/config/robot_visual.rviz
[6.367s] -- Installing: /home/mark/mecanum_nav/install/mecanum/share/mecanum/config/my_controllers.yaml
[6.367s] -- Installing: /home/mark/mecanum_nav/install/mecanum/share/mecanum/config/twist_mux.yaml
[6.367s] -- Installing: /home/mark/mecanum_nav/install/mecanum/share/mecanum/description
[6.367s] -- Installing: /home/mark/mecanum_nav/install/mecanum/share/mecanum/description/gazebo_control.xacro
[6.367s] -- Installing: /home/mark/mecanum_nav/install/mecanum/share/mecanum/description/face.xacro
[6.367s] -- Installing: /home/mark/mecanum_nav/install/mecanum/share/mecanum/description/robot.urdf.xacro
[6.367s] -- Installing: /home/mark/mecanum_nav/install/mecanum/share/mecanum/description/robot_core.xacro
[6.367s] -- Installing: /home/mark/mecanum_nav/install/mecanum/share/mecanum/description/camera.xacro
[6.367s] -- Installing: /home/mark/mecanum_nav/install/mecanum/share/mecanum/description/lidar.xacro
[6.367s] -- Installing: /home/mark/mecanum_nav/install/mecanum/share/mecanum/description/ros2_control.xacro
[6.367s] -- Installing: /home/mark/mecanum_nav/install/mecanum/share/mecanum/description/depth_camera.xacro
[6.367s] -- Installing: /home/mark/mecanum_nav/install/mecanum/share/mecanum/description/inertial_macros.xacro
[6.368s] -- Installing: /home/mark/mecanum_nav/install/mecanum/share/mecanum/launch
[6.368s] -- Installing: /home/mark/mecanum_nav/install/mecanum/share/mecanum/launch/empty_world.launch.py
[6.368s] -- Installing: /home/mark/mecanum_nav/install/mecanum/share/mecanum/launch/rsp.launch.py
[6.368s] -- Installing: /home/mark/mecanum_nav/install/mecanum/share/mecanum/launch/zm_robot_empty_world.launch.py
[6.368s] -- Installing: /home/mark/mecanum_nav/install/mecanum/share/mecanum/launch/launch_sim.launch.py
[6.368s] -- Installing: /home/mark/mecanum_nav/install/mecanum/share/mecanum/urdf
[6.368s] -- Installing: /home/mark/mecanum_nav/install/mecanum/share/mecanum/urdf/zm_robot.urdf.xacro
[6.368s] -- Installing: /home/mark/mecanum_nav/install/mecanum/share/mecanum/urdf/zm_robot_wheel_LR.urdf.xacro
[6.368s] -- Installing: /home/mark/mecanum_nav/install/mecanum/share/mecanum/urdf/zm_robot_wheel_LF.urdf.xacro
[6.368s] -- Installing: /home/mark/mecanum_nav/install/mecanum/share/mecanum/urdf/zm_robot_roller.transmission.xacro
[6.368s] -- Installing: /home/mark/mecanum_nav/install/mecanum/share/mecanum/urdf/zm_robot_roller.gazebo
[6.368s] -- Installing: /home/mark/mecanum_nav/install/mecanum/share/mecanum/urdf/materials.xacro
[6.368s] -- Installing: /home/mark/mecanum_nav/install/mecanum/share/mecanum/urdf/zm_robot_wheel_RR.urdf.xacro
[6.368s] -- Installing: /home/mark/mecanum_nav/install/mecanum/share/mecanum/urdf/zm_robot_wheel_RF.urdf.xacro
[6.368s] -- Installing: /home/mark/mecanum_nav/install/mecanum/share/mecanum/urdf/zm_robot_roller.urdf.xacro
[6.368s] -- Installing: /home/mark/mecanum_nav/install/mecanum/share/mecanum/urdf/zm_robot_plugin.gazebo
[6.368s] -- Installing: /home/mark/mecanum_nav/install/mecanum/share/mecanum/urdf/zm_robot_wheel.gazebo
[6.369s] -- Installing: /home/mark/mecanum_nav/install/mecanum/share/mecanum/meshes
[6.369s] -- Installing: /home/mark/mecanum_nav/install/mecanum/share/mecanum/meshes/IMU_sensor.stl
[6.369s] -- Installing: /home/mark/mecanum_nav/install/mecanum/share/mecanum/meshes/mecanum_left_after.stl
[6.369s] -- Installing: /home/mark/mecanum_nav/install/mecanum/share/mecanum/meshes/kinect_v2.stl
[6.371s] -- Installing: /home/mark/mecanum_nav/install/mecanum/share/mecanum/meshes/sick_s30b.stl
[6.371s] -- Installing: /home/mark/mecanum_nav/install/mecanum/share/mecanum/meshes/mecanum_left_before.stl
[6.373s] -- Installing: /home/mark/mecanum_nav/install/mecanum/share/mecanum/meshes/mecanum_right_before.stl
[6.373s] -- Installing: /home/mark/mecanum_nav/install/mecanum/share/mecanum/meshes/agv_base.stl
[6.373s] -- Installing: /home/mark/mecanum_nav/install/mecanum/share/mecanum/meshes/mecanum_right_after.stl
[6.373s] -- Installing: /home/mark/mecanum_nav/install/mecanum/share/mecanum/meshes/mecanum_roller.stl
[6.373s] -- Installing: /home/mark/mecanum_nav/install/mecanum/share/mecanum/world
[6.373s] -- Installing: /home/mark/mecanum_nav/install/mecanum/share/mecanum/world/empty.world
[6.373s] -- Installing: /home/mark/mecanum_nav/install/mecanum/lib/mecanum/control
[6.374s] -- Set runtime path of "/home/mark/mecanum_nav/install/mecanum/lib/mecanum/control" to ""
[6.374s] -- Installing: /home/mark/mecanum_nav/install/mecanum/lib/mecanum/control_lifecycle
[6.375s] -- Set runtime path of "/home/mark/mecanum_nav/install/mecanum/lib/mecanum/control_lifecycle" to ""
[6.375s] -- Installing: /home/mark/mecanum_nav/install/mecanum/lib/mecanum/followpath_lifecycle
[6.376s] -- Set runtime path of "/home/mark/mecanum_nav/install/mecanum/lib/mecanum/followpath_lifecycle" to ""
[6.376s] -- Installing: /home/mark/mecanum_nav/install/mecanum/lib/mecanum/fixed_frame
[6.377s] -- Set runtime path of "/home/mark/mecanum_nav/install/mecanum/lib/mecanum/fixed_frame" to ""
[6.377s] -- Installing: /home/mark/mecanum_nav/install/mecanum/lib/mecanum/view_frames
[6.377s] -- Set runtime path of "/home/mark/mecanum_nav/install/mecanum/lib/mecanum/view_frames" to ""
[6.377s] -- Installing: /home/mark/mecanum_nav/install/mecanum/share/ament_index/resource_index/package_run_dependencies/mecanum
[6.377s] -- Installing: /home/mark/mecanum_nav/install/mecanum/share/ament_index/resource_index/parent_prefix_path/mecanum
[6.377s] -- Installing: /home/mark/mecanum_nav/install/mecanum/share/mecanum/environment/ament_prefix_path.sh
[6.377s] -- Installing: /home/mark/mecanum_nav/install/mecanum/share/mecanum/environment/ament_prefix_path.dsv
[6.377s] -- Installing: /home/mark/mecanum_nav/install/mecanum/share/mecanum/environment/path.sh
[6.377s] -- Installing: /home/mark/mecanum_nav/install/mecanum/share/mecanum/environment/path.dsv
[6.377s] -- Installing: /home/mark/mecanum_nav/install/mecanum/share/mecanum/local_setup.bash
[6.377s] -- Installing: /home/mark/mecanum_nav/install/mecanum/share/mecanum/local_setup.sh
[6.377s] -- Installing: /home/mark/mecanum_nav/install/mecanum/share/mecanum/local_setup.zsh
[6.377s] -- Installing: /home/mark/mecanum_nav/install/mecanum/share/mecanum/local_setup.dsv
[6.377s] -- Installing: /home/mark/mecanum_nav/install/mecanum/share/mecanum/package.dsv
[6.377s] -- Installing: /home/mark/mecanum_nav/install/mecanum/share/ament_index/resource_index/packages/mecanum
[6.377s] -- Installing: /home/mark/mecanum_nav/install/mecanum/share/mecanum/cmake/mecanumConfig.cmake
[6.377s] -- Installing: /home/mark/mecanum_nav/install/mecanum/share/mecanum/cmake/mecanumConfig-version.cmake
[6.377s] -- Installing: /home/mark/mecanum_nav/install/mecanum/share/mecanum/package.xml
[6.379s] Invoked command in '/home/mark/mecanum_nav/build/mecanum' returned '0': CMAKE_PREFIX_PATH=${CMAKE_PREFIX_PATH}:/home/mark/mecanum_nav/install/py_srvcli:/home/mark/mecanum_nav/install/py_pubsub:/home/mark/mecanum_nav/install/learning_tf2_py:/home/mark/mecanum_nav/install/turtle_nav:/home/mark/mecanum_nav/install/test_mecanum:/home/mark/mecanum_nav/install/python_parameters:/home/mark/mecanum_nav/install/launch_tutorial:/home/mark/mecanum_nav/install/joint_state_publisher_gui:/home/mark/mecanum_nav/install/joint_state_publisher:/home/mark/mecanum_nav/install/guard_conditions:/home/mark/mecanum_nav/install/articubot:/opt/ros/humble /usr/bin/cmake --install /home/mark/mecanum_nav/build/mecanum
