[0.116s] DEBUG:colcon:Command line arguments: ['/usr/bin/colcon', 'build', '--packages-select', 'mecanum']
[0.117s] DEBUG:colcon:Parsed command line arguments: Namespace(log_base=None, log_level=None, verb_name='build', build_base='build', install_base='install', merge_install=False, symlink_install=False, test_result_base=None, continue_on_error=False, executor='parallel', parallel_workers=20, event_handlers=None, ignore_user_meta=False, metas=['./colcon.meta'], base_paths=['.'], packages_ignore=None, packages_ignore_regex=None, paths=None, packages_up_to=None, packages_up_to_regex=None, packages_above=None, packages_above_and_dependencies=None, packages_above_depth=None, packages_select_by_dep=None, packages_skip_by_dep=None, packages_skip_up_to=None, packages_select_build_failed=False, packages_skip_build_finished=False, packages_select_test_failures=False, packages_skip_test_passed=False, packages_select=['mecanum'], packages_skip=None, packages_select_regex=None, packages_skip_regex=None, packages_start=None, packages_end=None, allow_overriding=[], cmake_args=None, cmake_target=None, cmake_target_skip_unavailable=False, cmake_clean_cache=False, cmake_clean_first=False, cmake_force_configure=False, ament_cmake_args=None, catkin_cmake_args=None, catkin_skip_building_tests=False, mixin_files=None, mixin=None, verb_parser=<colcon_mixin.mixin.mixin_argument.MixinArgumentDecorator object at 0x7f84fc065c00>, verb_extension=<colcon_core.verb.build.BuildVerb object at 0x7f84fc065720>, main=<bound method BuildVerb.main of <colcon_core.verb.build.BuildVerb object at 0x7f84fc065720>>, mixin_verb=('build',))
[0.301s] Level 1:colcon.colcon_core.package_discovery:discover_packages(colcon_meta) check parameters
[0.301s] Level 1:colcon.colcon_core.package_discovery:discover_packages(recursive) check parameters
[0.301s] Level 1:colcon.colcon_core.package_discovery:discover_packages(ignore) check parameters
[0.301s] Level 1:colcon.colcon_core.package_discovery:discover_packages(path) check parameters
[0.301s] Level 1:colcon.colcon_core.package_discovery:discover_packages(colcon_meta) discover
[0.301s] Level 1:colcon.colcon_core.package_discovery:discover_packages(recursive) discover
[0.301s] INFO:colcon.colcon_core.package_discovery:Crawling recursively for packages in '/home/mark/mecanum_nav'
[0.301s] Level 1:colcon.colcon_core.package_identification:_identify(.) by extensions ['ignore', 'ignore_ament_install']
[0.301s] Level 1:colcon.colcon_core.package_identification:_identify(.) by extension 'ignore'
[0.301s] Level 1:colcon.colcon_core.package_identification:_identify(.) by extension 'ignore_ament_install'
[0.301s] Level 1:colcon.colcon_core.package_identification:_identify(.) by extensions ['colcon_pkg']
[0.301s] Level 1:colcon.colcon_core.package_identification:_identify(.) by extension 'colcon_pkg'
[0.301s] Level 1:colcon.colcon_core.package_identification:_identify(.) by extensions ['colcon_meta']
[0.301s] Level 1:colcon.colcon_core.package_identification:_identify(.) by extension 'colcon_meta'
[0.301s] Level 1:colcon.colcon_core.package_identification:_identify(.) by extensions ['ros']
[0.301s] Level 1:colcon.colcon_core.package_identification:_identify(.) by extension 'ros'
[0.313s] Level 1:colcon.colcon_core.package_identification:_identify(.) by extensions ['cmake', 'python']
[0.313s] Level 1:colcon.colcon_core.package_identification:_identify(.) by extension 'cmake'
[0.313s] Level 1:colcon.colcon_core.package_identification:_identify(.) by extension 'python'
[0.313s] Level 1:colcon.colcon_core.package_identification:_identify(.) by extensions ['python_setup_py']
[0.313s] Level 1:colcon.colcon_core.package_identification:_identify(.) by extension 'python_setup_py'
[0.313s] Level 1:colcon.colcon_core.package_identification:_identify(build) by extensions ['ignore', 'ignore_ament_install']
[0.314s] Level 1:colcon.colcon_core.package_identification:_identify(build) by extension 'ignore'
[0.314s] Level 1:colcon.colcon_core.package_identification:_identify(build) ignored
[0.314s] Level 1:colcon.colcon_core.package_identification:_identify(image) by extensions ['ignore', 'ignore_ament_install']
[0.314s] Level 1:colcon.colcon_core.package_identification:_identify(image) by extension 'ignore'
[0.314s] Level 1:colcon.colcon_core.package_identification:_identify(image) by extension 'ignore_ament_install'
[0.314s] Level 1:colcon.colcon_core.package_identification:_identify(image) by extensions ['colcon_pkg']
[0.314s] Level 1:colcon.colcon_core.package_identification:_identify(image) by extension 'colcon_pkg'
[0.314s] Level 1:colcon.colcon_core.package_identification:_identify(image) by extensions ['colcon_meta']
[0.314s] Level 1:colcon.colcon_core.package_identification:_identify(image) by extension 'colcon_meta'
[0.314s] Level 1:colcon.colcon_core.package_identification:_identify(image) by extensions ['ros']
[0.314s] Level 1:colcon.colcon_core.package_identification:_identify(image) by extension 'ros'
[0.314s] Level 1:colcon.colcon_core.package_identification:_identify(image) by extensions ['cmake', 'python']
[0.314s] Level 1:colcon.colcon_core.package_identification:_identify(image) by extension 'cmake'
[0.314s] Level 1:colcon.colcon_core.package_identification:_identify(image) by extension 'python'
[0.314s] Level 1:colcon.colcon_core.package_identification:_identify(image) by extensions ['python_setup_py']
[0.314s] Level 1:colcon.colcon_core.package_identification:_identify(image) by extension 'python_setup_py'
[0.314s] Level 1:colcon.colcon_core.package_identification:_identify(install) by extensions ['ignore', 'ignore_ament_install']
[0.314s] Level 1:colcon.colcon_core.package_identification:_identify(install) by extension 'ignore'
[0.314s] Level 1:colcon.colcon_core.package_identification:_identify(install) ignored
[0.315s] Level 1:colcon.colcon_core.package_identification:_identify(log) by extensions ['ignore', 'ignore_ament_install']
[0.315s] Level 1:colcon.colcon_core.package_identification:_identify(log) by extension 'ignore'
[0.315s] Level 1:colcon.colcon_core.package_identification:_identify(log) ignored
[0.315s] Level 1:colcon.colcon_core.package_identification:_identify(src) by extensions ['ignore', 'ignore_ament_install']
[0.315s] Level 1:colcon.colcon_core.package_identification:_identify(src) by extension 'ignore'
[0.315s] Level 1:colcon.colcon_core.package_identification:_identify(src) by extension 'ignore_ament_install'
[0.315s] Level 1:colcon.colcon_core.package_identification:_identify(src) by extensions ['colcon_pkg']
[0.315s] Level 1:colcon.colcon_core.package_identification:_identify(src) by extension 'colcon_pkg'
[0.315s] Level 1:colcon.colcon_core.package_identification:_identify(src) by extensions ['colcon_meta']
[0.315s] Level 1:colcon.colcon_core.package_identification:_identify(src) by extension 'colcon_meta'
[0.315s] Level 1:colcon.colcon_core.package_identification:_identify(src) by extensions ['ros']
[0.315s] Level 1:colcon.colcon_core.package_identification:_identify(src) by extension 'ros'
[0.315s] Level 1:colcon.colcon_core.package_identification:_identify(src) by extensions ['cmake', 'python']
[0.315s] Level 1:colcon.colcon_core.package_identification:_identify(src) by extension 'cmake'
[0.315s] Level 1:colcon.colcon_core.package_identification:_identify(src) by extension 'python'
[0.315s] Level 1:colcon.colcon_core.package_identification:_identify(src) by extensions ['python_setup_py']
[0.315s] Level 1:colcon.colcon_core.package_identification:_identify(src) by extension 'python_setup_py'
[0.315s] Level 1:colcon.colcon_core.package_identification:_identify(src/mecanum) by extensions ['ignore', 'ignore_ament_install']
[0.315s] Level 1:colcon.colcon_core.package_identification:_identify(src/mecanum) by extension 'ignore'
[0.315s] Level 1:colcon.colcon_core.package_identification:_identify(src/mecanum) by extension 'ignore_ament_install'
[0.315s] Level 1:colcon.colcon_core.package_identification:_identify(src/mecanum) by extensions ['colcon_pkg']
[0.315s] Level 1:colcon.colcon_core.package_identification:_identify(src/mecanum) by extension 'colcon_pkg'
[0.315s] Level 1:colcon.colcon_core.package_identification:_identify(src/mecanum) by extensions ['colcon_meta']
[0.316s] Level 1:colcon.colcon_core.package_identification:_identify(src/mecanum) by extension 'colcon_meta'
[0.316s] Level 1:colcon.colcon_core.package_identification:_identify(src/mecanum) by extensions ['ros']
[0.316s] Level 1:colcon.colcon_core.package_identification:_identify(src/mecanum) by extension 'ros'
[0.318s] DEBUG:colcon.colcon_core.package_identification:Package 'src/mecanum' with type 'ros.ament_cmake' and name 'mecanum'
[0.319s] Level 1:colcon.colcon_core.package_identification:_identify(src/test_mecanum) by extensions ['ignore', 'ignore_ament_install']
[0.319s] Level 1:colcon.colcon_core.package_identification:_identify(src/test_mecanum) by extension 'ignore'
[0.319s] Level 1:colcon.colcon_core.package_identification:_identify(src/test_mecanum) by extension 'ignore_ament_install'
[0.319s] Level 1:colcon.colcon_core.package_identification:_identify(src/test_mecanum) by extensions ['colcon_pkg']
[0.319s] Level 1:colcon.colcon_core.package_identification:_identify(src/test_mecanum) by extension 'colcon_pkg'
[0.319s] Level 1:colcon.colcon_core.package_identification:_identify(src/test_mecanum) by extensions ['colcon_meta']
[0.319s] Level 1:colcon.colcon_core.package_identification:_identify(src/test_mecanum) by extension 'colcon_meta'
[0.319s] Level 1:colcon.colcon_core.package_identification:_identify(src/test_mecanum) by extensions ['ros']
[0.319s] Level 1:colcon.colcon_core.package_identification:_identify(src/test_mecanum) by extension 'ros'
[0.320s] DEBUG:colcon.colcon_core.package_identification:Package 'src/test_mecanum' with type 'ros.ament_python' and name 'test_mecanum'
[0.320s] Level 1:colcon.colcon_core.package_discovery:discover_packages(recursive) using defaults
[0.320s] Level 1:colcon.colcon_core.package_discovery:discover_packages(ignore) discover
[0.320s] Level 1:colcon.colcon_core.package_discovery:discover_packages(ignore) using defaults
[0.320s] Level 1:colcon.colcon_core.package_discovery:discover_packages(path) discover
[0.320s] Level 1:colcon.colcon_core.package_discovery:discover_packages(path) using defaults
[0.352s] INFO:colcon.colcon_core.package_selection:Skipping not selected package 'test_mecanum' in 'src/test_mecanum'
[0.353s] Level 1:colcon.colcon_core.package_discovery:discover_packages(prefix_path) check parameters
[0.353s] Level 1:colcon.colcon_core.package_discovery:discover_packages(prefix_path) discover
[0.356s] DEBUG:colcon.colcon_installed_package_information.package_discovery:Found 40 installed packages in /home/mark/mecanum_nav/install
[0.358s] DEBUG:colcon.colcon_installed_package_information.package_discovery:Found 453 installed packages in /opt/ros/humble
[0.360s] Level 1:colcon.colcon_core.package_discovery:discover_packages(prefix_path) using defaults
[0.420s] Level 5:colcon.colcon_core.verb:set package 'mecanum' build argument 'cmake_args' from command line to 'None'
[0.420s] Level 5:colcon.colcon_core.verb:set package 'mecanum' build argument 'cmake_target' from command line to 'None'
[0.420s] Level 5:colcon.colcon_core.verb:set package 'mecanum' build argument 'cmake_target_skip_unavailable' from command line to 'False'
[0.420s] Level 5:colcon.colcon_core.verb:set package 'mecanum' build argument 'cmake_clean_cache' from command line to 'False'
[0.420s] Level 5:colcon.colcon_core.verb:set package 'mecanum' build argument 'cmake_clean_first' from command line to 'False'
[0.420s] Level 5:colcon.colcon_core.verb:set package 'mecanum' build argument 'cmake_force_configure' from command line to 'False'
[0.420s] Level 5:colcon.colcon_core.verb:set package 'mecanum' build argument 'ament_cmake_args' from command line to 'None'
[0.420s] Level 5:colcon.colcon_core.verb:set package 'mecanum' build argument 'catkin_cmake_args' from command line to 'None'
[0.421s] Level 5:colcon.colcon_core.verb:set package 'mecanum' build argument 'catkin_skip_building_tests' from command line to 'False'
[0.421s] DEBUG:colcon.colcon_core.verb:Building package 'mecanum' with the following arguments: {'ament_cmake_args': None, 'build_base': '/home/mark/mecanum_nav/build/mecanum', 'catkin_cmake_args': None, 'catkin_skip_building_tests': False, 'cmake_args': None, 'cmake_clean_cache': False, 'cmake_clean_first': False, 'cmake_force_configure': False, 'cmake_target': None, 'cmake_target_skip_unavailable': False, 'install_base': '/home/mark/mecanum_nav/install/mecanum', 'merge_install': False, 'path': '/home/mark/mecanum_nav/src/mecanum', 'symlink_install': False, 'test_result_base': None}
[0.421s] INFO:colcon.colcon_core.executor:Executing jobs using 'parallel' executor
[0.422s] DEBUG:colcon.colcon_parallel_executor.executor.parallel:run_until_complete
[0.422s] INFO:colcon.colcon_ros.task.ament_cmake.build:Building ROS package in '/home/mark/mecanum_nav/src/mecanum' with build type 'ament_cmake'
[0.422s] INFO:colcon.colcon_cmake.task.cmake.build:Building CMake package in '/home/mark/mecanum_nav/src/mecanum'
[0.425s] INFO:colcon.colcon_core.plugin_system:Skipping extension 'colcon_core.shell.bat': Not used on non-Windows systems
[0.425s] INFO:colcon.colcon_core.shell:Skip shell extension 'powershell' for command environment: Not usable outside of PowerShell
[0.425s] DEBUG:colcon.colcon_core.shell:Skip shell extension 'dsv' for command environment
[0.439s] DEBUG:colcon.colcon_core.event_handler.log_command:Invoking command in '/home/mark/mecanum_nav/build/mecanum': CMAKE_PREFIX_PATH=${CMAKE_PREFIX_PATH}:/home/mark/mecanum_nav/install/py_srvcli:/home/mark/mecanum_nav/install/py_pubsub:/home/mark/mecanum_nav/install/learning_tf2_py:/home/mark/mecanum_nav/install/turtle_nav:/home/mark/mecanum_nav/install/test_mecanum:/home/mark/mecanum_nav/install/python_parameters:/home/mark/mecanum_nav/install/launch_tutorial:/home/mark/mecanum_nav/install/joint_state_publisher_gui:/home/mark/mecanum_nav/install/joint_state_publisher:/home/mark/mecanum_nav/install/guard_conditions:/home/mark/mecanum_nav/install/articubot:/opt/ros/humble /usr/bin/cmake --build /home/mark/mecanum_nav/build/mecanum -- -j20 -l20
[5.502s] DEBUG:colcon.colcon_core.event_handler.log_command:Invoked command in '/home/mark/mecanum_nav/build/mecanum' returned '0': CMAKE_PREFIX_PATH=${CMAKE_PREFIX_PATH}:/home/mark/mecanum_nav/install/py_srvcli:/home/mark/mecanum_nav/install/py_pubsub:/home/mark/mecanum_nav/install/learning_tf2_py:/home/mark/mecanum_nav/install/turtle_nav:/home/mark/mecanum_nav/install/test_mecanum:/home/mark/mecanum_nav/install/python_parameters:/home/mark/mecanum_nav/install/launch_tutorial:/home/mark/mecanum_nav/install/joint_state_publisher_gui:/home/mark/mecanum_nav/install/joint_state_publisher:/home/mark/mecanum_nav/install/guard_conditions:/home/mark/mecanum_nav/install/articubot:/opt/ros/humble /usr/bin/cmake --build /home/mark/mecanum_nav/build/mecanum -- -j20 -l20
[5.585s] DEBUG:colcon.colcon_core.event_handler.log_command:Invoking command in '/home/mark/mecanum_nav/build/mecanum': CMAKE_PREFIX_PATH=${CMAKE_PREFIX_PATH}:/home/mark/mecanum_nav/install/py_srvcli:/home/mark/mecanum_nav/install/py_pubsub:/home/mark/mecanum_nav/install/learning_tf2_py:/home/mark/mecanum_nav/install/turtle_nav:/home/mark/mecanum_nav/install/test_mecanum:/home/mark/mecanum_nav/install/python_parameters:/home/mark/mecanum_nav/install/launch_tutorial:/home/mark/mecanum_nav/install/joint_state_publisher_gui:/home/mark/mecanum_nav/install/joint_state_publisher:/home/mark/mecanum_nav/install/guard_conditions:/home/mark/mecanum_nav/install/articubot:/opt/ros/humble /usr/bin/cmake --install /home/mark/mecanum_nav/build/mecanum
[5.602s] Level 1:colcon.colcon_core.environment:create_environment_scripts_only(mecanum)
[5.603s] DEBUG:colcon.colcon_core.event_handler.log_command:Invoked command in '/home/mark/mecanum_nav/build/mecanum' returned '0': CMAKE_PREFIX_PATH=${CMAKE_PREFIX_PATH}:/home/mark/mecanum_nav/install/py_srvcli:/home/mark/mecanum_nav/install/py_pubsub:/home/mark/mecanum_nav/install/learning_tf2_py:/home/mark/mecanum_nav/install/turtle_nav:/home/mark/mecanum_nav/install/test_mecanum:/home/mark/mecanum_nav/install/python_parameters:/home/mark/mecanum_nav/install/launch_tutorial:/home/mark/mecanum_nav/install/joint_state_publisher_gui:/home/mark/mecanum_nav/install/joint_state_publisher:/home/mark/mecanum_nav/install/guard_conditions:/home/mark/mecanum_nav/install/articubot:/opt/ros/humble /usr/bin/cmake --install /home/mark/mecanum_nav/build/mecanum
[5.606s] Level 1:colcon.colcon_core.environment:checking '/home/mark/mecanum_nav/install/mecanum' for CMake module files
[5.606s] Level 1:colcon.colcon_core.environment:checking '/home/mark/mecanum_nav/install/mecanum' for CMake config files
[5.607s] Level 1:colcon.colcon_core.shell:create_environment_hook('mecanum', 'cmake_prefix_path')
[5.607s] INFO:colcon.colcon_core.shell:Creating environment hook '/home/mark/mecanum_nav/install/mecanum/share/mecanum/hook/cmake_prefix_path.ps1'
[5.608s] INFO:colcon.colcon_core.shell:Creating environment descriptor '/home/mark/mecanum_nav/install/mecanum/share/mecanum/hook/cmake_prefix_path.dsv'
[5.608s] INFO:colcon.colcon_core.shell:Creating environment hook '/home/mark/mecanum_nav/install/mecanum/share/mecanum/hook/cmake_prefix_path.sh'
[5.609s] Level 1:colcon.colcon_core.environment:checking '/home/mark/mecanum_nav/install/mecanum/lib'
[5.609s] Level 1:colcon.colcon_core.environment:checking '/home/mark/mecanum_nav/install/mecanum/bin'
[5.609s] Level 1:colcon.colcon_core.environment:checking '/home/mark/mecanum_nav/install/mecanum/lib/pkgconfig/mecanum.pc'
[5.610s] Level 1:colcon.colcon_core.environment:checking '/home/mark/mecanum_nav/install/mecanum/lib/python3.10/site-packages'
[5.610s] Level 1:colcon.colcon_core.environment:checking '/home/mark/mecanum_nav/install/mecanum/bin'
[5.610s] INFO:colcon.colcon_core.shell:Creating package script '/home/mark/mecanum_nav/install/mecanum/share/mecanum/package.ps1'
[5.611s] INFO:colcon.colcon_core.shell:Creating package descriptor '/home/mark/mecanum_nav/install/mecanum/share/mecanum/package.dsv'
[5.612s] INFO:colcon.colcon_core.shell:Creating package script '/home/mark/mecanum_nav/install/mecanum/share/mecanum/package.sh'
[5.612s] INFO:colcon.colcon_core.shell:Creating package script '/home/mark/mecanum_nav/install/mecanum/share/mecanum/package.bash'
[5.613s] INFO:colcon.colcon_core.shell:Creating package script '/home/mark/mecanum_nav/install/mecanum/share/mecanum/package.zsh'
[5.614s] Level 1:colcon.colcon_core.environment:create_file_with_runtime_dependencies(/home/mark/mecanum_nav/install/mecanum/share/colcon-core/packages/mecanum)
[5.682s] Level 1:colcon.colcon_core.environment:create_environment_scripts_only(mecanum)
[5.682s] Level 1:colcon.colcon_core.environment:checking '/home/mark/mecanum_nav/install/mecanum' for CMake module files
[5.683s] Level 1:colcon.colcon_core.environment:checking '/home/mark/mecanum_nav/install/mecanum' for CMake config files
[5.683s] Level 1:colcon.colcon_core.shell:create_environment_hook('mecanum', 'cmake_prefix_path')
[5.683s] INFO:colcon.colcon_core.shell:Creating environment hook '/home/mark/mecanum_nav/install/mecanum/share/mecanum/hook/cmake_prefix_path.ps1'
[5.684s] INFO:colcon.colcon_core.shell:Creating environment descriptor '/home/mark/mecanum_nav/install/mecanum/share/mecanum/hook/cmake_prefix_path.dsv'
[5.684s] INFO:colcon.colcon_core.shell:Creating environment hook '/home/mark/mecanum_nav/install/mecanum/share/mecanum/hook/cmake_prefix_path.sh'
[5.685s] Level 1:colcon.colcon_core.environment:checking '/home/mark/mecanum_nav/install/mecanum/lib'
[5.685s] Level 1:colcon.colcon_core.environment:checking '/home/mark/mecanum_nav/install/mecanum/bin'
[5.685s] Level 1:colcon.colcon_core.environment:checking '/home/mark/mecanum_nav/install/mecanum/lib/pkgconfig/mecanum.pc'
[5.686s] Level 1:colcon.colcon_core.environment:checking '/home/mark/mecanum_nav/install/mecanum/lib/python3.10/site-packages'
[5.686s] Level 1:colcon.colcon_core.environment:checking '/home/mark/mecanum_nav/install/mecanum/bin'
[5.686s] INFO:colcon.colcon_core.shell:Creating package script '/home/mark/mecanum_nav/install/mecanum/share/mecanum/package.ps1'
[5.687s] INFO:colcon.colcon_core.shell:Creating package descriptor '/home/mark/mecanum_nav/install/mecanum/share/mecanum/package.dsv'
[5.688s] INFO:colcon.colcon_core.shell:Creating package script '/home/mark/mecanum_nav/install/mecanum/share/mecanum/package.sh'
[5.688s] INFO:colcon.colcon_core.shell:Creating package script '/home/mark/mecanum_nav/install/mecanum/share/mecanum/package.bash'
[5.688s] INFO:colcon.colcon_core.shell:Creating package script '/home/mark/mecanum_nav/install/mecanum/share/mecanum/package.zsh'
[5.689s] Level 1:colcon.colcon_core.environment:create_file_with_runtime_dependencies(/home/mark/mecanum_nav/install/mecanum/share/colcon-core/packages/mecanum)
[5.689s] DEBUG:colcon.colcon_parallel_executor.executor.parallel:closing loop
[5.689s] DEBUG:colcon.colcon_parallel_executor.executor.parallel:loop closed
[5.689s] DEBUG:colcon.colcon_parallel_executor.executor.parallel:run_until_complete finished with '0'
[5.690s] DEBUG:colcon.colcon_core.event_reactor:joining thread
[5.697s] INFO:colcon.colcon_core.plugin_system:Skipping extension 'colcon_notification.desktop_notification.terminal_notifier': Not used on non-Darwin systems
[5.697s] INFO:colcon.colcon_core.plugin_system:Skipping extension 'colcon_notification.desktop_notification.win32': Not used on non-Windows systems
[5.697s] INFO:colcon.colcon_notification.desktop_notification:Sending desktop notification using 'notify2'
[5.711s] DEBUG:colcon.colcon_core.event_reactor:joined thread
[5.711s] INFO:colcon.colcon_core.shell:Creating prefix script '/home/mark/mecanum_nav/install/local_setup.ps1'
[5.712s] INFO:colcon.colcon_core.shell:Creating prefix util module '/home/mark/mecanum_nav/install/_local_setup_util_ps1.py'
[5.714s] INFO:colcon.colcon_core.shell:Creating prefix chain script '/home/mark/mecanum_nav/install/setup.ps1'
[5.716s] INFO:colcon.colcon_core.shell:Creating prefix script '/home/mark/mecanum_nav/install/local_setup.sh'
[5.717s] INFO:colcon.colcon_core.shell:Creating prefix util module '/home/mark/mecanum_nav/install/_local_setup_util_sh.py'
[5.718s] INFO:colcon.colcon_core.shell:Creating prefix chain script '/home/mark/mecanum_nav/install/setup.sh'
[5.720s] INFO:colcon.colcon_core.shell:Creating prefix script '/home/mark/mecanum_nav/install/local_setup.bash'
[5.721s] INFO:colcon.colcon_core.shell:Creating prefix chain script '/home/mark/mecanum_nav/install/setup.bash'
[5.723s] INFO:colcon.colcon_core.shell:Creating prefix script '/home/mark/mecanum_nav/install/local_setup.zsh'
[5.724s] INFO:colcon.colcon_core.shell:Creating prefix chain script '/home/mark/mecanum_nav/install/setup.zsh'
